<?xml version="1.0" encoding="UTF-8"?>
<!-- Generated by org.testng.reporters.JUnitXMLReporter -->
<testsuite ignored="0" hostname="DESKTOP-ADO" failures="0" tests="2" name="Default test" time="10.3" errors="0" timestamp="2021-10-26T08:53:27 EET">
  <testcase classname="challenge.instabugchallenge.AppTest" name="shouldAnswerWithTrueWhenClickOnEnter" time="6.916"/>
  <testcase classname="challenge.instabugchallenge.AppTest" name="shouldAnswerWithTrueWhenClickOnSearch" time="3.355"/>
</testsuite> <!-- Default test -->
